<?xml version="1.0" encoding="UTF-8"?>
<testsuite xmlns:xsi="http://www.w3.org/2001/XMLSchema-instance" xsi:noNamespaceSchemaLocation="https://maven.apache.org/surefire/maven-surefire-plugin/xsd/surefire-test-report.xsd" name="com.test.MainTest" time="0.349" tests="3" errors="0" skipped="0" failures="0">
  <properties>
    <property name="java.specification.version" value="14"/>
    <property name="sun.cpu.isalist" value="amd64"/>
    <property name="sun.jnu.encoding" value="GBK"/>
    <property name="java.class.path" value="D:\back-end learning\java-exercise\javaWeb-yxs\javaWe-managementDemo\target\test-classes;D:\back-end learning\java-exercise\javaWeb-yxs\javaWe-managementDemo\target\classes;C:\Users\AKAtravis-yxs\.m2\repository\org\projectlombok\lombok\1.18.22\lombok-1.18.22.jar;C:\Users\AKAtravis-yxs\.m2\repository\org\junit\jupiter\junit-jupiter-api\5.8.1\junit-jupiter-api-5.8.1.jar;C:\Users\AKAtravis-yxs\.m2\repository\org\opentest4j\opentest4j\1.2.0\opentest4j-1.2.0.jar;C:\Users\AKAtravis-yxs\.m2\repository\org\junit\platform\junit-platform-commons\1.8.1\junit-platform-commons-1.8.1.jar;C:\Users\AKAtravis-yxs\.m2\repository\org\apiguardian\apiguardian-api\1.1.2\apiguardian-api-1.1.2.jar;C:\Users\AKAtravis-yxs\.m2\repository\mysql\mysql-connector-java\5.1.43\mysql-connector-java-5.1.43.jar;C:\Users\AKAtravis-yxs\.m2\repository\org\mybatis\mybatis\3.5.7\mybatis-3.5.7.jar;"/>
    <property name="java.vm.vendor" value="Oracle Corporation"/>
    <property name="sun.arch.data.model" value="64"/>
    <property name="user.variant" value=""/>
    <property name="java.vendor.url" value="https://java.oracle.com/"/>
    <property name="user.timezone" value="Asia/Hong_Kong"/>
    <property name="os.name" value="Windows 10"/>
    <property name="java.vm.specification.version" value="14"/>
    <property name="sun.java.launcher" value="SUN_STANDARD"/>
    <property name="user.country" value="CN"/>
    <property name="sun.boot.library.path" value="C:\Program Files\Java\jdk-14.0.2\bin"/>
    <property name="sun.java.command" value="C:\Users\AKATRA~1\AppData\Local\Temp\surefire12467393261145912143\surefirebooter9506446459792248154.jar C:\Users\AKAtravis-yxs\AppData\Local\Temp\surefire12467393261145912143 2022-07-08T18-56-26_154-jvmRun1 surefire12519225651451898260tmp surefire_07863924137909960597tmp"/>
    <property name="jdk.debug" value="release"/>
    <property name="surefire.test.class.path" value="D:\back-end learning\java-exercise\javaWeb-yxs\javaWe-managementDemo\target\test-classes;D:\back-end learning\java-exercise\javaWeb-yxs\javaWe-managementDemo\target\classes;C:\Users\AKAtravis-yxs\.m2\repository\org\projectlombok\lombok\1.18.22\lombok-1.18.22.jar;C:\Users\AKAtravis-yxs\.m2\repository\org\junit\jupiter\junit-jupiter-api\5.8.1\junit-jupiter-api-5.8.1.jar;C:\Users\AKAtravis-yxs\.m2\repository\org\opentest4j\opentest4j\1.2.0\opentest4j-1.2.0.jar;C:\Users\AKAtravis-yxs\.m2\repository\org\junit\platform\junit-platform-commons\1.8.1\junit-platform-commons-1.8.1.jar;C:\Users\AKAtravis-yxs\.m2\repository\org\apiguardian\apiguardian-api\1.1.2\apiguardian-api-1.1.2.jar;C:\Users\AKAtravis-yxs\.m2\repository\mysql\mysql-connector-java\5.1.43\mysql-connector-java-5.1.43.jar;C:\Users\AKAtravis-yxs\.m2\repository\org\mybatis\mybatis\3.5.7\mybatis-3.5.7.jar;"/>
    <property name="sun.cpu.endian" value="little"/>
    <property name="user.home" value="C:\Users\AKAtravis-yxs"/>
    <property name="user.language" value="zh"/>
    <property name="java.specification.vendor" value="Oracle Corporation"/>
    <property name="java.version.date" value="2020-07-14"/>
    <property name="java.home" value="C:\Program Files\Java\jdk-14.0.2"/>
    <property name="file.separator" value="\"/>
    <property name="basedir" value="D:\back-end learning\java-exercise\javaWeb-yxs\javaWe-managementDemo"/>
    <property name="java.vm.compressedOopsMode" value="Zero based"/>
    <property name="line.separator" value="&#10;"/>
    <property name="java.vm.specification.vendor" value="Oracle Corporation"/>
    <property name="java.specification.name" value="Java Platform API Specification"/>
    <property name="surefire.real.class.path" value="C:\Users\AKATRA~1\AppData\Local\Temp\surefire12467393261145912143\surefirebooter9506446459792248154.jar"/>
    <property name="user.script" value=""/>
    <property name="sun.management.compiler" value="HotSpot 64-Bit Tiered Compilers"/>
    <property name="java.runtime.version" value="14.0.2+12-46"/>
    <property name="user.name" value="AKAtravis-yxs"/>
    <property name="path.separator" value=";"/>
    <property name="os.version" value="10.0"/>
    <property name="java.runtime.name" value="Java(TM) SE Runtime Environment"/>
    <property name="file.encoding" value="GBK"/>
    <property name="java.vm.name" value="Java HotSpot(TM) 64-Bit Server VM"/>
    <property name="localRepository" value="C:\Users\AKAtravis-yxs\.m2\repository"/>
    <property name="java.vendor.url.bug" value="https://bugreport.java.com/bugreport/"/>
    <property name="java.io.tmpdir" value="C:\Users\AKATRA~1\AppData\Local\Temp\"/>
    <property name="idea.version" value="2021.2.3"/>
    <property name="java.version" value="14.0.2"/>
    <property name="user.dir" value="D:\back-end learning\java-exercise\javaWeb-yxs\javaWe-managementDemo"/>
    <property name="os.arch" value="amd64"/>
    <property name="java.vm.specification.name" value="Java Virtual Machine Specification"/>
    <property name="sun.os.patch.level" value=""/>
    <property name="java.library.path" value="C:\Program Files\Java\jdk-14.0.2\bin;C:\Windows\Sun\Java\bin;C:\Windows\system32;C:\Windows;D:\代码软件\OracleXE112\ox\app\oracle\product\11.2.0\server\bin;C:\Program Files\Java\jdk-14.0.2\bin;C:\Windows\system32;C:\Windows;C:\Windows\System32\Wbem;C:\Windows\System32\WindowsPowerShell\v1.0\;C:\Windows\System32\OpenSSH\;C:\Program Files\NVIDIA Corporation\NVIDIA NvDLISR;C:\Program Files (x86)\NVIDIA Corporation\PhysX\Common;D:\code-software\maven-framework\apache-maven-3.8.4\bin;C:\Program Files (x86)\MySQL\MySQL Server 5.1\bin;D:\mysql-server\bin;C:\Users\AKAtravis-yxs\AppData\Local\Microsoft\WindowsApps;;."/>
    <property name="java.vm.info" value="mixed mode, sharing"/>
    <property name="java.vendor" value="Oracle Corporation"/>
    <property name="java.vm.version" value="14.0.2+12-46"/>
    <property name="sun.io.unicode.encoding" value="UnicodeLittle"/>
    <property name="java.class.version" value="58.0"/>
  </properties>
  <testcase name="com.test.MainTest.test1" classname="com.test.MainTest" time="0.345"/>
  <testcase name="com.test.MainTest.test3" classname="com.test.MainTest" time="0.001"/>
  <testcase name="com.test.MainTest.test2" classname="com.test.MainTest" time="0.002"/>
</testsuite>